{
  "numTotalTestSuites": 358,
  "numPassedTestSuites": 225,
  "numFailedTestSuites": 133,
  "numPendingTestSuites": 0,
  "numTotalTests": 562,
  "numPassedTests": 392,
  "numFailedTests": 170,
  "numPendingTests": 0,
  "numTodoTests": 0,
  "snapshot": {
    "added": 0,
    "failure": false,
    "filesAdded": 0,
    "filesRemoved": 0,
    "filesRemovedList": [],
    "filesUnmatched": 0,
    "filesUpdated": 0,
    "matched": 0,
    "total": 0,
    "unchecked": 0,
    "uncheckedKeysByFile": [],
    "unmatched": 0,
    "updated": 0,
    "didUpdate": false
  },
  "startTime": 1764513837015,
  "success": false,
  "testResults": [
    {
      "assertionResults": [
        {
          "ancestorTitles": ["API Detector Tests", "SponsorBlock Detection"],
          "fullName": "API Detector Tests SponsorBlock Detection should detect available SponsorBlock",
          "status": "passed",
          "title": "should detect available SponsorBlock",
          "duration": 3.3456999999998516,
          "failureMessages": [],
          "meta": {}
        },
        {
          "ancestorTitles": ["API Detector Tests", "SponsorBlock Detection"],
          "fullName": "API Detector Tests SponsorBlock Detection should handle SponsorBlock 400 as available",
          "status": "passed",
          "title": "should handle SponsorBlock 400 as available",
          "duration": 0.44840000000021973,
          "failureMessages": [],
          "meta": {}
        },
        {
          "ancestorTitles": ["API Detector Tests", "SponsorBlock Detection"],
          "fullName": "API Detector Tests SponsorBlock Detection should detect unavailable SponsorBlock",
          "status": "passed",
          "title": "should detect unavailable SponsorBlock",
          "duration": 0.46529999999984284,
          "failureMessages": [],
          "meta": {}
        },
        {
          "ancestorTitles": ["API Detector Tests", "DeArrow Detection"],
          "fullName": "API Detector Tests DeArrow Detection should detect available DeArrow",
          "status": "passed",
          "title": "should detect available DeArrow",
          "duration": 0.8356000000003405,
          "failureMessages": [],
          "meta": {}
        },
        {
          "ancestorTitles": ["API Detector Tests", "DeArrow Detection"],
          "fullName": "API Detector Tests DeArrow Detection should detect unavailable DeArrow",
          "status": "passed",
          "title": "should detect unavailable DeArrow",
          "duration": 0.5082999999999629,
          "failureMessages": [],
          "meta": {}
        },
        {
          "ancestorTitles": ["API Detector Tests", "Gemini Detection"],
          "fullName": "API Detector Tests Gemini Detection should return false without API key",
          "status": "passed",
          "title": "should return false without API key",
          "duration": 0.6957999999999629,
          "failureMessages": [],
          "meta": {}
        },
        {
          "ancestorTitles": ["API Detector Tests", "Gemini Detection"],
          "fullName": "API Detector Tests Gemini Detection should detect valid Gemini key",
          "status": "passed",
          "title": "should detect valid Gemini key",
          "duration": 0.34859999999980573,
          "failureMessages": [],
          "meta": {}
        },
        {
          "ancestorTitles": ["API Detector Tests", "Gemini Detection"],
          "fullName": "API Detector Tests Gemini Detection should detect invalid Gemini key",
          "status": "passed",
          "title": "should detect invalid Gemini key",
          "duration": 0.43970000000035725,
          "failureMessages": [],
          "meta": {}
        },
        {
          "ancestorTitles": ["API Detector Tests", "TMDB Detection"],
          "fullName": "API Detector Tests TMDB Detection should return false without API key",
          "status": "passed",
          "title": "should return false without API key",
          "duration": 0.556999999999789,
          "failureMessages": [],
          "meta": {}
        },
        {
          "ancestorTitles": ["API Detector Tests", "TMDB Detection"],
          "fullName": "API Detector Tests TMDB Detection should detect valid TMDB key",
          "status": "passed",
          "title": "should detect valid TMDB key",
          "duration": 0.4088000000001557,
          "failureMessages": [],
          "meta": {}
        },
        {
          "ancestorTitles": ["API Detector Tests", "NewsData Detection"],
          "fullName": "API Detector Tests NewsData Detection should return false without API key",
          "status": "passed",
          "title": "should return false without API key",
          "duration": 0.22319999999990614,
          "failureMessages": [],
          "meta": {}
        },
        {
          "ancestorTitles": ["API Detector Tests", "NewsData Detection"],
          "fullName": "API Detector Tests NewsData Detection should detect valid NewsData key",
          "status": "passed",
          "title": "should detect valid NewsData key",
          "duration": 0.16499999999996362,
          "failureMessages": [],
          "meta": {}
        },
        {
          "ancestorTitles": ["API Detector Tests", "GoogleFactCheck Detection"],
          "fullName": "API Detector Tests GoogleFactCheck Detection should return false without API key",
          "status": "passed",
          "title": "should return false without API key",
          "duration": 0.18320000000039727,
          "failureMessages": [],
          "meta": {}
        },
        {
          "ancestorTitles": ["API Detector Tests", "GoogleFactCheck Detection"],
          "fullName": "API Detector Tests GoogleFactCheck Detection should detect valid GoogleFactCheck key",
          "status": "passed",
          "title": "should detect valid GoogleFactCheck key",
          "duration": 0.1477999999997337,
          "failureMessages": [],
          "meta": {}
        },
        {
          "ancestorTitles": ["API Detector Tests", "Get All Available APIs"],
          "fullName": "API Detector Tests Get All Available APIs should check all APIs with config",
          "status": "passed",
          "title": "should check all APIs with config",
          "duration": 1.0844999999999345,
          "failureMessages": [],
          "meta": {}
        },
        {
          "ancestorTitles": ["API Detector Tests", "Get All Available APIs"],
          "fullName": "API Detector Tests Get All Available APIs should handle empty config",
          "status": "passed",
          "title": "should handle empty config",
          "duration": 0.28039999999964493,
          "failureMessages": [],
          "meta": {}
        },
        {
          "ancestorTitles": ["API Detector Tests", "Get All Available APIs"],
          "fullName": "API Detector Tests Get All Available APIs should handle mixed availability",
          "status": "passed",
          "title": "should handle mixed availability",
          "duration": 0.5207000000000335,
          "failureMessages": [],
          "meta": {}
        }
      ],
      "startTime": 1764513839355,
      "endTime": 1764513839366.5208,
      "status": "passed",
      "message": "",
      "name": "C:/AM/GitHub/YouTube-AI-Navigator/tests/api-detector.test.js"
    },
    {
      "assertionResults": [
        {
          "ancestorTitles": ["API Metrics Tests", "Recording Calls"],
          "fullName": "API Metrics Tests Recording Calls should record successful call",
          "status": "passed",
          "title": "should record successful call",
          "duration": 2.80619999999999,
          "failureMessages": [],
          "meta": {}
        },
        {
          "ancestorTitles": ["API Metrics Tests", "Recording Calls"],
          "fullName": "API Metrics Tests Recording Calls should record failed call",
          "status": "passed",
          "title": "should record failed call",
          "duration": 0.7636999999999716,
          "failureMessages": [],
          "meta": {}
        },
        {
          "ancestorTitles": ["API Metrics Tests", "Recording Calls"],
          "fullName": "API Metrics Tests Recording Calls should calculate average duration correctly",
          "status": "passed",
          "title": "should calculate average duration correctly",
          "duration": 0.3410000000001219,
          "failureMessages": [],
          "meta": {}
        },
        {
          "ancestorTitles": ["API Metrics Tests", "Recording Calls"],
          "fullName": "API Metrics Tests Recording Calls should calculate success rate correctly",
          "status": "passed",
          "title": "should calculate success rate correctly",
          "duration": 0.6891999999998006,
          "failureMessages": [],
          "meta": {}
        },
        {
          "ancestorTitles": ["API Metrics Tests", "Recording Calls"],
          "fullName": "API Metrics Tests Recording Calls should limit recent errors to 10",
          "status": "passed",
          "title": "should limit recent errors to 10",
          "duration": 0.6393000000000484,
          "failureMessages": [],
          "meta": {}
        },
        {
          "ancestorTitles": ["API Metrics Tests", "Auto-Detection Logic"],
          "fullName": "API Metrics Tests Auto-Detection Logic should allow API with < 3 calls",
          "status": "passed",
          "title": "should allow API with < 3 calls",
          "duration": 0.2858000000001084,
          "failureMessages": [],
          "meta": {}
        },
        {
          "ancestorTitles": ["API Metrics Tests", "Auto-Detection Logic"],
          "fullName": "API Metrics Tests Auto-Detection Logic should allow API meeting criteria",
          "status": "passed",
          "title": "should allow API meeting criteria",
          "duration": 0.2154000000000451,
          "failureMessages": [],
          "meta": {}
        },
        {
          "ancestorTitles": ["API Metrics Tests", "Auto-Detection Logic"],
          "fullName": "API Metrics Tests Auto-Detection Logic should block API with low success rate",
          "status": "passed",
          "title": "should block API with low success rate",
          "duration": 0.2421999999999116,
          "failureMessages": [],
          "meta": {}
        },
        {
          "ancestorTitles": ["API Metrics Tests", "Auto-Detection Logic"],
          "fullName": "API Metrics Tests Auto-Detection Logic should block API with high avg duration",
          "status": "passed",
          "title": "should block API with high avg duration",
          "duration": 0.42830000000003565,
          "failureMessages": [],
          "meta": {}
        },
        {
          "ancestorTitles": ["API Metrics Tests", "Auto-Detection Logic"],
          "fullName": "API Metrics Tests Auto-Detection Logic should use custom thresholds",
          "status": "passed",
          "title": "should use custom thresholds",
          "duration": 0.2436999999999898,
          "failureMessages": [],
          "meta": {}
        },
        {
          "ancestorTitles": ["API Metrics Tests", "Stats Retrieval"],
          "fullName": "API Metrics Tests Stats Retrieval should return empty stats for unknown API",
          "status": "passed",
          "title": "should return empty stats for unknown API",
          "duration": 0.21710000000007312,
          "failureMessages": [],
          "meta": {}
        },
        {
          "ancestorTitles": ["API Metrics Tests", "Stats Retrieval"],
          "fullName": "API Metrics Tests Stats Retrieval should return all stats",
          "status": "passed",
          "title": "should return all stats",
          "duration": 1.2104000000001633,
          "failureMessages": [],
          "meta": {}
        },
        {
          "ancestorTitles": ["API Metrics Tests", "Reset Functionality"],
          "fullName": "API Metrics Tests Reset Functionality should reset specific API",
          "status": "passed",
          "title": "should reset specific API",
          "duration": 0.21319999999991524,
          "failureMessages": [],
          "meta": {}
        },
        {
          "ancestorTitles": ["API Metrics Tests", "Reset Functionality"],
          "fullName": "API Metrics Tests Reset Functionality should reset all APIs",
          "status": "passed",
          "title": "should reset all APIs",
          "duration": 0.20060000000012224,
          "failureMessages": [],
          "meta": {}
        }
      ],
      "startTime": 1764513839054,
      "endTime": 1764513839064.2131,
      "status": "passed",
      "message": "",
      "name": "C:/AM/GitHub/YouTube-AI-Navigator/tests/api-performance.test.js"
    },
    {
      "assertionResults": [
        {
          "ancestorTitles": ["API Settings"],
          "fullName": "API Settings should have structured externalApis config",
          "status": "passed",
          "title": "should have structured externalApis config",
          "duration": 2.7302999999997155,
          "failureMessages": [],
          "meta": {}
        },
        {
          "ancestorTitles": ["API Settings"],
          "fullName": "API Settings should have all 14 API configs",
          "status": "passed",
          "title": "should have all 14 API configs",
          "duration": 1.1839999999997417,
          "failureMessages": [],
          "meta": {}
        },
        {
          "ancestorTitles": ["API Settings"],
          "fullName": "API Settings should have enable flags for all APIs",
          "status": "passed",
          "title": "should have enable flags for all APIs",
          "duration": 0.5772000000001754,
          "failureMessages": [],
          "meta": {}
        },
        {
          "ancestorTitles": ["API Settings"],
          "fullName": "API Settings should have API key fields for paid APIs",
          "status": "passed",
          "title": "should have API key fields for paid APIs",
          "duration": 0.7757999999998901,
          "failureMessages": [],
          "meta": {}
        },
        {
          "ancestorTitles": ["API Settings"],
          "fullName": "API Settings should have timeout configs for DeArrow/SponsorBlock",
          "status": "passed",
          "title": "should have timeout configs for DeArrow/SponsorBlock",
          "duration": 0.3523000000000138,
          "failureMessages": [],
          "meta": {}
        },
        {
          "ancestorTitles": ["API Settings"],
          "fullName": "API Settings should have usePrivateAPI flag for DeArrow",
          "status": "passed",
          "title": "should have usePrivateAPI flag for DeArrow",
          "duration": 0.38830000000007203,
          "failureMessages": [],
          "meta": {}
        },
        {
          "ancestorTitles": ["API Settings"],
          "fullName": "API Settings should allow disabling individual APIs",
          "status": "passed",
          "title": "should allow disabling individual APIs",
          "duration": 0.38320000000021537,
          "failureMessages": [],
          "meta": {}
        },
        {
          "ancestorTitles": ["API Settings"],
          "fullName": "API Settings should allow setting API keys",
          "status": "passed",
          "title": "should allow setting API keys",
          "duration": 0.2512000000001535,
          "failureMessages": [],
          "meta": {}
        },
        {
          "ancestorTitles": ["API Settings"],
          "fullName": "API Settings should allow configuring timeouts",
          "status": "passed",
          "title": "should allow configuring timeouts",
          "duration": 0.47100000000000364,
          "failureMessages": [],
          "meta": {}
        },
        {
          "ancestorTitles": ["API Settings"],
          "fullName": "API Settings should persist API settings through merge",
          "status": "passed",
          "title": "should persist API settings through merge",
          "duration": 0.7761999999997897,
          "failureMessages": [],
          "meta": {}
        }
      ],
      "startTime": 1764513839354,
      "endTime": 1764513839362.7761,
      "status": "passed",
      "message": "",
      "name": "C:/AM/GitHub/YouTube-AI-Navigator/tests/api-settings.test.js"
    },
    {
      "assertionResults": [
        {
          "ancestorTitles": ["AutoSkip Segment Action Filtering", "Configuration Loading"],
          "fullName": "AutoSkip Segment Action Filtering Configuration Loading should properly load segment configuration from storage",
          "status": "passed",
          "title": "should properly load segment configuration from storage",
          "duration": 24.97829999999999,
          "failureMessages": [],
          "meta": {}
        },
        {
          "ancestorTitles": ["AutoSkip Segment Action Filtering", "Configuration Loading"],
          "fullName": "AutoSkip Segment Action Filtering Configuration Loading should skip segments with action=skip",
          "status": "passed",
          "title": "should skip segments with action=skip",
          "duration": 0.44650000000001455,
          "failureMessages": [],
          "meta": {}
        },
        {
          "ancestorTitles": ["AutoSkip Segment Action Filtering", "Configuration Loading"],
          "fullName": "AutoSkip Segment Action Filtering Configuration Loading should ignore segments with action=ignore",
          "status": "passed",
          "title": "should ignore segments with action=ignore",
          "duration": 0.3106999999999971,
          "failureMessages": [],
          "meta": {}
        },
        {
          "ancestorTitles": ["AutoSkip Segment Action Filtering", "Configuration Loading"],
          "fullName": "AutoSkip Segment Action Filtering Configuration Loading should speed segments with action=speed",
          "status": "passed",
          "title": "should speed segments with action=speed",
          "duration": 0.6012000000000626,
          "failureMessages": [],
          "meta": {}
        },
        {
          "ancestorTitles": ["AutoSkip Segment Action Filtering", "Default Actions"],
          "fullName": "AutoSkip Segment Action Filtering Default Actions should default content to ignore",
          "status": "passed",
          "title": "should default content to ignore",
          "duration": 0.6720000000000255,
          "failureMessages": [],
          "meta": {}
        },
        {
          "ancestorTitles": ["AutoSkip Segment Action Filtering", "Default Actions"],
          "fullName": "AutoSkip Segment Action Filtering Default Actions should default highlight to ignore",
          "status": "passed",
          "title": "should default highlight to ignore",
          "duration": 0.38210000000003674,
          "failureMessages": [],
          "meta": {}
        },
        {
          "ancestorTitles": ["AutoSkip Segment Action Filtering", "Default Actions"],
          "fullName": "AutoSkip Segment Action Filtering Default Actions should default exclusive_access to ignore",
          "status": "passed",
          "title": "should default exclusive_access to ignore",
          "duration": 0.36419999999998254,
          "failureMessages": [],
          "meta": {}
        }
      ],
      "startTime": 1764513838970,
      "endTime": 1764513838998.382,
      "status": "passed",
      "message": "",
      "name": "C:/AM/GitHub/YouTube-AI-Navigator/tests/autoskip-integration.test.js"
    },
    {
      "assertionResults": [
        {
          "ancestorTitles": [
            "Comprehensive Segment Settings Tests",
            "Segment Categories Structure"
          ],
          "fullName": "Comprehensive Segment Settings Tests Segment Categories Structure should have all segment categories",
          "status": "passed",
          "title": "should have all segment categories",
          "duration": 4.78859999999986,
          "failureMessages": [],
          "meta": {}
        },
        {
          "ancestorTitles": [
            "Comprehensive Segment Settings Tests",
            "Segment Categories Structure"
          ],
          "fullName": "Comprehensive Segment Settings Tests Segment Categories Structure should have unique colors for all categories",
          "status": "passed",
          "title": "should have unique colors for all categories",
          "duration": 0.433100000000195,
          "failureMessages": [],
          "meta": {}
        },
        {
          "ancestorTitles": [
            "Comprehensive Segment Settings Tests",
            "Default Segment Configuration"
          ],
          "fullName": "Comprehensive Segment Settings Tests Default Segment Configuration should default to ignore for DEFAULT_SEGMENT_CONFIG",
          "status": "passed",
          "title": "should default to ignore for DEFAULT_SEGMENT_CONFIG",
          "duration": 0.5014000000001033,
          "failureMessages": [],
          "meta": {}
        },
        {
          "ancestorTitles": [
            "Comprehensive Segment Settings Tests",
            "Default Segment Configuration"
          ],
          "fullName": "Comprehensive Segment Settings Tests Default Segment Configuration should default poi_highlight to ignore",
          "status": "passed",
          "title": "should default poi_highlight to ignore",
          "duration": 0.590900000000147,
          "failureMessages": [],
          "meta": {}
        },
        {
          "ancestorTitles": [
            "Comprehensive Segment Settings Tests",
            "Default Segment Configuration"
          ],
          "fullName": "Comprehensive Segment Settings Tests Default Segment Configuration should default exclusive_access to ignore",
          "status": "passed",
          "title": "should default exclusive_access to ignore",
          "duration": 0.3587999999999738,
          "failureMessages": [],
          "meta": {}
        },
        {
          "ancestorTitles": [
            "Comprehensive Segment Settings Tests",
            "Default Segment Configuration"
          ],
          "fullName": "Comprehensive Segment Settings Tests Default Segment Configuration should default sponsor to skip",
          "status": "passed",
          "title": "should default sponsor to skip",
          "duration": 0.4420000000000073,
          "failureMessages": [],
          "meta": {}
        },
        {
          "ancestorTitles": [
            "Comprehensive Segment Settings Tests",
            "Default Segment Configuration"
          ],
          "fullName": "Comprehensive Segment Settings Tests Default Segment Configuration should default filler to ignore",
          "status": "passed",
          "title": "should default filler to ignore",
          "duration": 0.23849999999993088,
          "failureMessages": [],
          "meta": {}
        },
        {
          "ancestorTitles": [
            "Comprehensive Segment Settings Tests",
            "Default Segment Configuration"
          ],
          "fullName": "Comprehensive Segment Settings Tests Default Segment Configuration should have speed=2 for all categories except content and chapter",
          "status": "passed",
          "title": "should have speed=2 for all categories except content and chapter",
          "duration": 0.5455999999999221,
          "failureMessages": [],
          "meta": {}
        },
        {
          "ancestorTitles": ["Comprehensive Segment Settings Tests", "Settings Persistence"],
          "fullName": "Comprehensive Segment Settings Tests Settings Persistence should persist segment settings changes",
          "status": "passed",
          "title": "should persist segment settings changes",
          "duration": 0.5521000000003369,
          "failureMessages": [],
          "meta": {}
        },
        {
          "ancestorTitles": ["Comprehensive Segment Settings Tests", "Settings Persistence"],
          "fullName": "Comprehensive Segment Settings Tests Settings Persistence should update speed value correctly",
          "status": "passed",
          "title": "should update speed value correctly",
          "duration": 0.2866999999996551,
          "failureMessages": [],
          "meta": {}
        },
        {
          "ancestorTitles": ["Comprehensive Segment Settings Tests", "Settings Persistence"],
          "fullName": "Comprehensive Segment Settings Tests Settings Persistence should preserve all segments after partial update",
          "status": "passed",
          "title": "should preserve all segments after partial update",
          "duration": 0.2460000000000946,
          "failureMessages": [],
          "meta": {}
        },
        {
          "ancestorTitles": ["Comprehensive Segment Settings Tests", "Settings Merge"],
          "fullName": "Comprehensive Segment Settings Tests Settings Merge should merge loaded settings with defaults",
          "status": "passed",
          "title": "should merge loaded settings with defaults",
          "duration": 0.54300000000012,
          "failureMessages": [],
          "meta": {}
        },
        {
          "ancestorTitles": ["Comprehensive Segment Settings Tests", "Settings Merge"],
          "fullName": "Comprehensive Segment Settings Tests Settings Merge should preserve enabled flag",
          "status": "passed",
          "title": "should preserve enabled flag",
          "duration": 0.41150000000016007,
          "failureMessages": [],
          "meta": {}
        },
        {
          "ancestorTitles": ["Comprehensive Segment Settings Tests", "Segment Actions Validation"],
          "fullName": "Comprehensive Segment Settings Tests Segment Actions Validation should support ignore action",
          "status": "passed",
          "title": "should support ignore action",
          "duration": 0.19699999999966167,
          "failureMessages": [],
          "meta": {}
        },
        {
          "ancestorTitles": ["Comprehensive Segment Settings Tests", "Segment Actions Validation"],
          "fullName": "Comprehensive Segment Settings Tests Segment Actions Validation should support skip action",
          "status": "passed",
          "title": "should support skip action",
          "duration": 0.3364999999998872,
          "failureMessages": [],
          "meta": {}
        },
        {
          "ancestorTitles": ["Comprehensive Segment Settings Tests", "Segment Actions Validation"],
          "fullName": "Comprehensive Segment Settings Tests Segment Actions Validation should support speed action",
          "status": "passed",
          "title": "should support speed action",
          "duration": 1.403700000000299,
          "failureMessages": [],
          "meta": {}
        },
        {
          "ancestorTitles": ["Comprehensive Segment Settings Tests", "Settings Export/Import"],
          "fullName": "Comprehensive Segment Settings Tests Settings Export/Import should export settings as JSON",
          "status": "passed",
          "title": "should export settings as JSON",
          "duration": 1.7887000000000626,
          "failureMessages": [],
          "meta": {}
        },
        {
          "ancestorTitles": ["Comprehensive Segment Settings Tests", "Settings Export/Import"],
          "fullName": "Comprehensive Segment Settings Tests Settings Export/Import should import settings from JSON",
          "status": "passed",
          "title": "should import settings from JSON",
          "duration": 1.7892000000001644,
          "failureMessages": [],
          "meta": {}
        },
        {
          "ancestorTitles": ["Comprehensive Segment Settings Tests", "Settings Reset"],
          "fullName": "Comprehensive Segment Settings Tests Settings Reset should reset all settings to defaults",
          "status": "passed",
          "title": "should reset all settings to defaults",
          "duration": 0.40419999999994616,
          "failureMessages": [],
          "meta": {}
        },
        {
          "ancestorTitles": ["Comprehensive Segment Settings Tests", "Notification Settings"],
          "fullName": "Comprehensive Segment Settings Tests Notification Settings should default showNotifications to true",
          "status": "passed",
          "title": "should default showNotifications to true",
          "duration": 0.41229999999995925,
          "failureMessages": [],
          "meta": {}
        },
        {
          "ancestorTitles": ["Comprehensive Segment Settings Tests", "Notification Settings"],
          "fullName": "Comprehensive Segment Settings Tests Notification Settings should persist notification changes",
          "status": "passed",
          "title": "should persist notification changes",
          "duration": 0.2716000000000349,
          "failureMessages": [],
          "meta": {}
        }
      ],
      "startTime": 1764513839346,
      "endTime": 1764513839366.4124,
      "status": "passed",
      "message": "",
      "name": "C:/AM/GitHub/YouTube-AI-Navigator/tests/comprehensive-settings.test.js"
    },
    {
      "assertionResults": [
        {
          "ancestorTitles": ["Content Protection"],
          "fullName": "Content Protection should NEVER skip Content segments",
          "status": "passed",
          "title": "should NEVER skip Content segments",
          "duration": 12.702400000000125,
          "failureMessages": [],
          "meta": {}
        },
        {
          "ancestorTitles": ["Content Protection"],
          "fullName": "Content Protection should NEVER skip Main Content segments",
          "status": "passed",
          "title": "should NEVER skip Main Content segments",
          "duration": 0.8582999999998719,
          "failureMessages": [],
          "meta": {}
        },
        {
          "ancestorTitles": ["Content Protection"],
          "fullName": "Content Protection should filter out Content segments from actionable list",
          "status": "passed",
          "title": "should filter out Content segments from actionable list",
          "duration": 0.5315999999997985,
          "failureMessages": [],
          "meta": {}
        },
        {
          "ancestorTitles": ["Content Protection"],
          "fullName": "Content Protection should be disabled by default",
          "status": "passed",
          "title": "should be disabled by default",
          "duration": 0.5980999999997039,
          "failureMessages": [],
          "meta": {}
        },
        {
          "ancestorTitles": ["Content Protection"],
          "fullName": "Content Protection should require both enabled and autoSkip to be true",
          "status": "passed",
          "title": "should require both enabled and autoSkip to be true",
          "duration": 0.40079999999989013,
          "failureMessages": [],
          "meta": {}
        },
        {
          "ancestorTitles": ["Content Protection"],
          "fullName": "Content Protection should ignore segments with action set to ignore",
          "status": "passed",
          "title": "should ignore segments with action set to ignore",
          "duration": 0.581300000000283,
          "failureMessages": [],
          "meta": {}
        },
        {
          "ancestorTitles": ["Content Protection"],
          "fullName": "Content Protection should respect minSegmentDuration filter",
          "status": "passed",
          "title": "should respect minSegmentDuration filter",
          "duration": 1.3733000000001994,
          "failureMessages": [],
          "meta": {}
        }
      ],
      "startTime": 1764513839195,
      "endTime": 1764513839212.3733,
      "status": "passed",
      "message": "",
      "name": "C:/AM/GitHub/YouTube-AI-Navigator/tests/content-protection.test.js"
    },
    {
      "assertionResults": [
        {
          "ancestorTitles": ["ContextManager"],
          "fullName": "ContextManager should initialize all API clients",
          "status": "passed",
          "title": "should initialize all API clients",
          "duration": 1.5850000000000364,
          "failureMessages": [],
          "meta": {}
        },
        {
          "ancestorTitles": ["ContextManager"],
          "fullName": "ContextManager should pass API keys to clients",
          "status": "passed",
          "title": "should pass API keys to clients",
          "duration": 0.39039999999977226,
          "failureMessages": [],
          "meta": {}
        },
        {
          "ancestorTitles": ["ContextManager"],
          "fullName": "ContextManager should track enabled state for all APIs",
          "status": "passed",
          "title": "should track enabled state for all APIs",
          "duration": 0.1493000000000393,
          "failureMessages": [],
          "meta": {}
        },
        {
          "ancestorTitles": ["ContextManager"],
          "fullName": "ContextManager should respect disabled APIs",
          "status": "passed",
          "title": "should respect disabled APIs",
          "duration": 0.3665000000000873,
          "failureMessages": [],
          "meta": {}
        },
        {
          "ancestorTitles": ["ContextManager"],
          "fullName": "ContextManager should default to enabled if flag missing",
          "status": "passed",
          "title": "should default to enabled if flag missing",
          "duration": 0.1799999999998363,
          "failureMessages": [],
          "meta": {}
        },
        {
          "ancestorTitles": ["ContextManager"],
          "fullName": "ContextManager should handle empty settings gracefully",
          "status": "passed",
          "title": "should handle empty settings gracefully",
          "duration": 0.2363999999997759,
          "failureMessages": [],
          "meta": {}
        }
      ],
      "startTime": 1764513839593,
      "endTime": 1764513839596.2363,
      "status": "passed",
      "message": "",
      "name": "C:/AM/GitHub/YouTube-AI-Navigator/tests/context-manager.test.js"
    },
    {
      "assertionResults": [
        {
          "ancestorTitles": ["ErrorHandler"],
          "fullName": "ErrorHandler should classify auth error",
          "status": "passed",
          "title": "should classify auth error",
          "duration": 2.6786999999999352,
          "failureMessages": [],
          "meta": {}
        },
        {
          "ancestorTitles": ["ErrorHandler"],
          "fullName": "ErrorHandler should classify rate limit error",
          "status": "passed",
          "title": "should classify rate limit error",
          "duration": 0.5041999999998552,
          "failureMessages": [],
          "meta": {}
        },
        {
          "ancestorTitles": ["ErrorHandler"],
          "fullName": "ErrorHandler should classify bad request",
          "status": "passed",
          "title": "should classify bad request",
          "duration": 0.3768999999999778,
          "failureMessages": [],
          "meta": {}
        },
        {
          "ancestorTitles": ["ErrorHandler"],
          "fullName": "ErrorHandler should classify server error",
          "status": "passed",
          "title": "should classify server error",
          "duration": 0.5919000000001233,
          "failureMessages": [],
          "meta": {}
        },
        {
          "ancestorTitles": ["ErrorHandler"],
          "fullName": "ErrorHandler should classify timeout",
          "status": "passed",
          "title": "should classify timeout",
          "duration": 0.4762000000000626,
          "failureMessages": [],
          "meta": {}
        },
        {
          "ancestorTitles": ["ErrorHandler"],
          "fullName": "ErrorHandler should classify network error",
          "status": "passed",
          "title": "should classify network error",
          "duration": 0.31769999999983156,
          "failureMessages": [],
          "meta": {}
        },
        {
          "ancestorTitles": ["ErrorHandler"],
          "fullName": "ErrorHandler should create user error",
          "status": "passed",
          "title": "should create user error",
          "duration": 0.52150000000006,
          "failureMessages": [],
          "meta": {}
        },
        {
          "ancestorTitles": ["ErrorHandler"],
          "fullName": "ErrorHandler should handle unknown errors",
          "status": "passed",
          "title": "should handle unknown errors",
          "duration": 0.7023999999998978,
          "failureMessages": [],
          "meta": {}
        }
      ],
      "startTime": 1764513852763,
      "endTime": 1764513852768.7024,
      "status": "passed",
      "message": "",
      "name": "C:/AM/GitHub/YouTube-AI-Navigator/tests/error-handler.test.js"
    },
    {
      "assertionResults": [
        {
          "ancestorTitles": ["Import Integrity"],
          "fullName": "Import Integrity validates all imports have matching exports",
          "status": "passed",
          "title": "validates all imports have matching exports",
          "duration": 48.29099999999994,
          "failureMessages": [],
          "meta": {}
        },
        {
          "ancestorTitles": ["Import Integrity"],
          "fullName": "Import Integrity validates no default exports",
          "status": "passed",
          "title": "validates no default exports",
          "duration": 19.712800000000016,
          "failureMessages": [],
          "meta": {}
        },
        {
          "ancestorTitles": ["Import Integrity"],
          "fullName": "Import Integrity validates no duplicate shortcut names",
          "status": "passed",
          "title": "validates no duplicate shortcut names",
          "duration": 1.9140999999999622,
          "failureMessages": [],
          "meta": {}
        }
      ],
      "startTime": 1764513852617,
      "endTime": 1764513852686.914,
      "status": "passed",
      "message": "",
      "name": "C:/AM/GitHub/YouTube-AI-Navigator/tests/import-integrity.test.js"
    },
    {
      "assertionResults": [
        {
          "ancestorTitles": ["AutoSave"],
          "fullName": "AutoSave should save settings after delay",
          "status": "passed",
          "title": "should save settings after delay",
          "duration": 6.335399999999936,
          "failureMessages": [],
          "meta": {}
        },
        {
          "ancestorTitles": ["AutoSave"],
          "fullName": "AutoSave should debounce multiple saves",
          "status": "passed",
          "title": "should debounce multiple saves",
          "duration": 1.6463000000003376,
          "failureMessages": [],
          "meta": {}
        },
        {
          "ancestorTitles": ["AutoSave"],
          "fullName": "AutoSave should handle save errors",
          "status": "passed",
          "title": "should handle save errors",
          "duration": 1.1094999999995707,
          "failureMessages": [],
          "meta": {}
        }
      ],
      "startTime": 1764513839195,
      "endTime": 1764513839204.1096,
      "status": "passed",
      "message": "",
      "name": "C:/AM/GitHub/YouTube-AI-Navigator/tests/options.test.js"
    },
    {
      "assertionResults": [
        {
          "ancestorTitles": ["ScrollManager"],
          "fullName": "ScrollManager should be a singleton",
          "status": "passed",
          "title": "should be a singleton",
          "duration": 17.479799999999614,
          "failureMessages": [],
          "meta": {}
        },
        {
          "ancestorTitles": ["ScrollManager"],
          "fullName": "ScrollManager should scroll to comments section directly when found",
          "status": "passed",
          "title": "should scroll to comments section directly when found",
          "duration": 2.0041000000001077,
          "failureMessages": [],
          "meta": {}
        },
        {
          "ancestorTitles": ["ScrollManager"],
          "fullName": "ScrollManager should fallback to bottom scroll when comments section not found",
          "status": "passed",
          "title": "should fallback to bottom scroll when comments section not found",
          "duration": 0.5016000000000531,
          "failureMessages": [],
          "meta": {}
        },
        {
          "ancestorTitles": ["ScrollManager"],
          "fullName": "ScrollManager should wait for comments to load in DOM",
          "status": "passed",
          "title": "should wait for comments to load in DOM",
          "duration": 0.644800000000032,
          "failureMessages": [],
          "meta": {}
        }
      ],
      "startTime": 1764513839332,
      "endTime": 1764513839352.6448,
      "status": "passed",
      "message": "",
      "name": "C:/AM/GitHub/YouTube-AI-Navigator/tests/scroll-manager.test.js"
    },
    {
      "assertionResults": [
        {
          "ancestorTitles": ["Segment Label Mapping Tests", "Label Key Mapping (lk)"],
          "fullName": "Segment Label Mapping Tests Label Key Mapping (lk) should map all 13 SponsorBlock categories",
          "status": "passed",
          "title": "should map all 13 SponsorBlock categories",
          "duration": 2.4848000000001775,
          "failureMessages": [],
          "meta": {}
        },
        {
          "ancestorTitles": ["Segment Label Mapping Tests", "Label Key Mapping (lk)"],
          "fullName": "Segment Label Mapping Tests Label Key Mapping (lk) should map label variations to keys",
          "status": "passed",
          "title": "should map label variations to keys",
          "duration": 0.894800000000032,
          "failureMessages": [],
          "meta": {}
        },
        {
          "ancestorTitles": ["Segment Label Mapping Tests", "Label Key Mapping (lk)"],
          "fullName": "Segment Label Mapping Tests Label Key Mapping (lk) should handle null/undefined with default",
          "status": "passed",
          "title": "should handle null/undefined with default",
          "duration": 0.23320000000012442,
          "failureMessages": [],
          "meta": {}
        },
        {
          "ancestorTitles": ["Segment Label Mapping Tests", "Label Key Mapping (lk)"],
          "fullName": "Segment Label Mapping Tests Label Key Mapping (lk) should handle unknown labels with fallback",
          "status": "passed",
          "title": "should handle unknown labels with fallback",
          "duration": 0.49279999999998836,
          "failureMessages": [],
          "meta": {}
        },
        {
          "ancestorTitles": ["Segment Label Mapping Tests", "Label Name Mapping (ln)"],
          "fullName": "Segment Label Mapping Tests Label Name Mapping (ln) should return full names for all categories",
          "status": "passed",
          "title": "should return full names for all categories",
          "duration": 0.536200000000008,
          "failureMessages": [],
          "meta": {}
        },
        {
          "ancestorTitles": ["Segment Label Mapping Tests", "Label Name Mapping (ln)"],
          "fullName": "Segment Label Mapping Tests Label Name Mapping (ln) should return input for unknown categories",
          "status": "passed",
          "title": "should return input for unknown categories",
          "duration": 0.1453999999998814,
          "failureMessages": [],
          "meta": {}
        },
        {
          "ancestorTitles": ["Segment Label Mapping Tests", "Label Color Mapping (lgc)"],
          "fullName": "Segment Label Mapping Tests Label Color Mapping (lgc) should return colors for all categories",
          "status": "passed",
          "title": "should return colors for all categories",
          "duration": 0.5445999999997184,
          "failureMessages": [],
          "meta": {}
        },
        {
          "ancestorTitles": ["Segment Label Mapping Tests", "Label Color Mapping (lgc)"],
          "fullName": "Segment Label Mapping Tests Label Color Mapping (lgc) should return default color for unknown categories",
          "status": "passed",
          "title": "should return default color for unknown categories",
          "duration": 0.15950000000020736,
          "failureMessages": [],
          "meta": {}
        },
        {
          "ancestorTitles": ["Segment Label Mapping Tests", "Consistency Checks"],
          "fullName": "Segment Label Mapping Tests Consistency Checks should have matching keys in LM and CM",
          "status": "passed",
          "title": "should have matching keys in LM and CM",
          "duration": 1.196599999999762,
          "failureMessages": [],
          "meta": {}
        },
        {
          "ancestorTitles": ["Segment Label Mapping Tests", "Consistency Checks"],
          "fullName": "Segment Label Mapping Tests Consistency Checks should have all 13 categories in both maps",
          "status": "passed",
          "title": "should have all 13 categories in both maps",
          "duration": 0.27779999999984284,
          "failureMessages": [],
          "meta": {}
        },
        {
          "ancestorTitles": ["Segment Label Mapping Tests", "Consistency Checks"],
          "fullName": "Segment Label Mapping Tests Consistency Checks should have unique colors",
          "status": "passed",
          "title": "should have unique colors",
          "duration": 0.12820000000010623,
          "failureMessages": [],
          "meta": {}
        }
      ],
      "startTime": 1764513839142,
      "endTime": 1764513839149.2778,
      "status": "passed",
      "message": "",
      "name": "C:/AM/GitHub/YouTube-AI-Navigator/tests/segment-label-mapping.test.js"
    },
    {
      "assertionResults": [
        {
          "ancestorTitles": ["Segment Configuration"],
          "fullName": "Segment Configuration default config includes all segment categories",
          "status": "passed",
          "title": "default config includes all segment categories",
          "duration": 2.259399999999914,
          "failureMessages": [],
          "meta": {}
        },
        {
          "ancestorTitles": ["Segment Configuration"],
          "fullName": "Segment Configuration merges loaded settings preserving custom category configs",
          "status": "passed",
          "title": "merges loaded settings preserving custom category configs",
          "duration": 0.49599999999963984,
          "failureMessages": [],
          "meta": {}
        }
      ],
      "startTime": 1764513839472,
      "endTime": 1764513839475.496,
      "status": "passed",
      "message": "",
      "name": "C:/AM/GitHub/YouTube-AI-Navigator/tests/segments-config.test.js"
    },
    {
      "assertionResults": [
        {
          "ancestorTitles": ["Segments UI Module Tests", "Initialization"],
          "fullName": "Segments UI Module Tests Initialization should initialize with settings manager",
          "status": "passed",
          "title": "should initialize with settings manager",
          "duration": 2.8926000000001295,
          "failureMessages": [],
          "meta": {}
        },
        {
          "ancestorTitles": ["Segments UI Module Tests", "Initialization"],
          "fullName": "Segments UI Module Tests Initialization should read enabled state from settings",
          "status": "passed",
          "title": "should read enabled state from settings",
          "duration": 0.5579999999999927,
          "failureMessages": [],
          "meta": {}
        },
        {
          "ancestorTitles": ["Segments UI Module Tests", "Bulk Operations"],
          "fullName": "Segments UI Module Tests Bulk Operations should setAll to skip except content",
          "status": "passed",
          "title": "should setAll to skip except content",
          "duration": 4.615200000000186,
          "failureMessages": [],
          "meta": {}
        },
        {
          "ancestorTitles": ["Segments UI Module Tests", "Bulk Operations"],
          "fullName": "Segments UI Module Tests Bulk Operations should setAll to speed except content",
          "status": "passed",
          "title": "should setAll to speed except content",
          "duration": 3.3766999999998006,
          "failureMessages": [],
          "meta": {}
        },
        {
          "ancestorTitles": ["Segments UI Module Tests", "Bulk Operations"],
          "fullName": "Segments UI Module Tests Bulk Operations should setAll to ignore",
          "status": "passed",
          "title": "should setAll to ignore",
          "duration": 3.2476000000001477,
          "failureMessages": [],
          "meta": {}
        },
        {
          "ancestorTitles": ["Segments UI Module Tests", "Bulk Operations"],
          "fullName": "Segments UI Module Tests Bulk Operations should preserve speed when changing action",
          "status": "passed",
          "title": "should preserve speed when changing action",
          "duration": 2.4864000000002306,
          "failureMessages": [],
          "meta": {}
        },
        {
          "ancestorTitles": ["Segments UI Module Tests", "Individual Updates"],
          "fullName": "Segments UI Module Tests Individual Updates should update single category action",
          "status": "failed",
          "title": "should update single category action",
          "duration": 5.5452000000000226,
          "failureMessages": [
            "TypeError: sc.update is not a function\n    at C:/AM/GitHub/YouTube-AI-Navigator/tests/segments-ui.test.js:118:16\n    at file:///C:/AM/GitHub/YouTube-AI-Navigator/node_modules/@vitest/runner/dist/index.js:145:11\n    at file:///C:/AM/GitHub/YouTube-AI-Navigator/node_modules/@vitest/runner/dist/index.js:919:26\n    at file:///C:/AM/GitHub/YouTube-AI-Navigator/node_modules/@vitest/runner/dist/index.js:1244:20\n    at new Promise (<anonymous>)\n    at runWithTimeout (file:///C:/AM/GitHub/YouTube-AI-Navigator/node_modules/@vitest/runner/dist/index.js:1210:10)\n    at file:///C:/AM/GitHub/YouTube-AI-Navigator/node_modules/@vitest/runner/dist/index.js:1654:37\n    at Traces.$ (file:///C:/AM/GitHub/YouTube-AI-Navigator/node_modules/vitest/dist/chunks/traces.U4xDYhzZ.js:115:27)\n    at trace (file:///C:/AM/GitHub/YouTube-AI-Navigator/node_modules/vitest/dist/chunks/test.DqQZzsWf.js:234:21)\n    at runTest (file:///C:/AM/GitHub/YouTube-AI-Navigator/node_modules/@vitest/runner/dist/index.js:1654:12)"
          ],
          "meta": {}
        },
        {
          "ancestorTitles": ["Segments UI Module Tests", "Individual Updates"],
          "fullName": "Segments UI Module Tests Individual Updates should update single category speed",
          "status": "failed",
          "title": "should update single category speed",
          "duration": 0.9359999999996944,
          "failureMessages": [
            "TypeError: sc.update is not a function\n    at C:/AM/GitHub/YouTube-AI-Navigator/tests/segments-ui.test.js:123:16\n    at file:///C:/AM/GitHub/YouTube-AI-Navigator/node_modules/@vitest/runner/dist/index.js:145:11\n    at file:///C:/AM/GitHub/YouTube-AI-Navigator/node_modules/@vitest/runner/dist/index.js:919:26\n    at file:///C:/AM/GitHub/YouTube-AI-Navigator/node_modules/@vitest/runner/dist/index.js:1244:20\n    at new Promise (<anonymous>)\n    at runWithTimeout (file:///C:/AM/GitHub/YouTube-AI-Navigator/node_modules/@vitest/runner/dist/index.js:1210:10)\n    at file:///C:/AM/GitHub/YouTube-AI-Navigator/node_modules/@vitest/runner/dist/index.js:1654:37\n    at Traces.$ (file:///C:/AM/GitHub/YouTube-AI-Navigator/node_modules/vitest/dist/chunks/traces.U4xDYhzZ.js:115:27)\n    at trace (file:///C:/AM/GitHub/YouTube-AI-Navigator/node_modules/vitest/dist/chunks/test.DqQZzsWf.js:234:21)\n    at runTest (file:///C:/AM/GitHub/YouTube-AI-Navigator/node_modules/@vitest/runner/dist/index.js:1654:12)"
          ],
          "meta": {}
        },
        {
          "ancestorTitles": ["Segments UI Module Tests", "Individual Updates"],
          "fullName": "Segments UI Module Tests Individual Updates should create category config if missing",
          "status": "failed",
          "title": "should create category config if missing",
          "duration": 0.9155000000000655,
          "failureMessages": [
            "TypeError: sc.update is not a function\n    at C:/AM/GitHub/YouTube-AI-Navigator/tests/segments-ui.test.js:129:16\n    at file:///C:/AM/GitHub/YouTube-AI-Navigator/node_modules/@vitest/runner/dist/index.js:145:11\n    at file:///C:/AM/GitHub/YouTube-AI-Navigator/node_modules/@vitest/runner/dist/index.js:919:26\n    at file:///C:/AM/GitHub/YouTube-AI-Navigator/node_modules/@vitest/runner/dist/index.js:1244:20\n    at new Promise (<anonymous>)\n    at runWithTimeout (file:///C:/AM/GitHub/YouTube-AI-Navigator/node_modules/@vitest/runner/dist/index.js:1210:10)\n    at file:///C:/AM/GitHub/YouTube-AI-Navigator/node_modules/@vitest/runner/dist/index.js:1654:37\n    at Traces.$ (file:///C:/AM/GitHub/YouTube-AI-Navigator/node_modules/vitest/dist/chunks/traces.U4xDYhzZ.js:115:27)\n    at trace (file:///C:/AM/GitHub/YouTube-AI-Navigator/node_modules/vitest/dist/chunks/test.DqQZzsWf.js:234:21)\n    at runTest (file:///C:/AM/GitHub/YouTube-AI-Navigator/node_modules/@vitest/runner/dist/index.js:1654:12)"
          ],
          "meta": {}
        },
        {
          "ancestorTitles": ["Segments UI Module Tests", "Settings Synchronization"],
          "fullName": "Segments UI Module Tests Settings Synchronization should call SettingsManager save on update",
          "status": "failed",
          "title": "should call SettingsManager save on update",
          "duration": 1.214100000000144,
          "failureMessages": [
            "TypeError: sc.update is not a function\n    at C:/AM/GitHub/YouTube-AI-Navigator/tests/segments-ui.test.js:137:16\n    at file:///C:/AM/GitHub/YouTube-AI-Navigator/node_modules/@vitest/runner/dist/index.js:145:11\n    at file:///C:/AM/GitHub/YouTube-AI-Navigator/node_modules/@vitest/runner/dist/index.js:919:26\n    at file:///C:/AM/GitHub/YouTube-AI-Navigator/node_modules/@vitest/runner/dist/index.js:1244:20\n    at new Promise (<anonymous>)\n    at runWithTimeout (file:///C:/AM/GitHub/YouTube-AI-Navigator/node_modules/@vitest/runner/dist/index.js:1210:10)\n    at file:///C:/AM/GitHub/YouTube-AI-Navigator/node_modules/@vitest/runner/dist/index.js:1654:37\n    at Traces.$ (file:///C:/AM/GitHub/YouTube-AI-Navigator/node_modules/vitest/dist/chunks/traces.U4xDYhzZ.js:115:27)\n    at trace (file:///C:/AM/GitHub/YouTube-AI-Navigator/node_modules/vitest/dist/chunks/test.DqQZzsWf.js:234:21)\n    at runTest (file:///C:/AM/GitHub/YouTube-AI-Navigator/node_modules/@vitest/runner/dist/index.js:1654:12)"
          ],
          "meta": {}
        },
        {
          "ancestorTitles": ["Segments UI Module Tests", "Settings Synchronization"],
          "fullName": "Segments UI Module Tests Settings Synchronization should call SettingsManager save on setAll",
          "status": "passed",
          "title": "should call SettingsManager save on setAll",
          "duration": 2.907000000000153,
          "failureMessages": [],
          "meta": {}
        }
      ],
      "startTime": 1764513839226,
      "endTime": 1764513839255.907,
      "status": "failed",
      "message": "",
      "name": "C:/AM/GitHub/YouTube-AI-Navigator/tests/segments-ui.test.js"
    },
    {
      "assertionResults": [
        {
          "ancestorTitles": ["Settings Expansion"],
          "fullName": "Settings Expansion should load new default settings",
          "status": "passed",
          "title": "should load new default settings",
          "duration": 2.3308999999999287,
          "failureMessages": [],
          "meta": {}
        },
        {
          "ancestorTitles": ["Settings Expansion"],
          "fullName": "Settings Expansion should persist new settings",
          "status": "passed",
          "title": "should persist new settings",
          "duration": 0.8553999999999178,
          "failureMessages": [],
          "meta": {}
        },
        {
          "ancestorTitles": ["Settings Expansion"],
          "fullName": "Settings Expansion should merge new defaults with existing config",
          "status": "passed",
          "title": "should merge new defaults with existing config",
          "duration": 0.3146999999999025,
          "failureMessages": [],
          "meta": {}
        }
      ],
      "startTime": 1764513839503,
      "endTime": 1764513839507.3147,
      "status": "passed",
      "message": "",
      "name": "C:/AM/GitHub/YouTube-AI-Navigator/tests/settings-expansion.test.js"
    },
    {
      "assertionResults": [
        {
          "ancestorTitles": ["SettingsManager"],
          "fullName": "SettingsManager initializes with default segment categories populated",
          "status": "passed",
          "title": "initializes with default segment categories populated",
          "duration": 2.831499999999778,
          "failureMessages": [],
          "meta": {}
        },
        {
          "ancestorTitles": ["SettingsManager"],
          "fullName": "SettingsManager includes all segment categories in defaults",
          "status": "passed",
          "title": "includes all segment categories in defaults",
          "duration": 1.6221999999997934,
          "failureMessages": [],
          "meta": {}
        },
        {
          "ancestorTitles": ["SettingsManager"],
          "fullName": "SettingsManager sets sponsor category to skip by default",
          "status": "passed",
          "title": "sets sponsor category to skip by default",
          "duration": 0.34349999999994907,
          "failureMessages": [],
          "meta": {}
        },
        {
          "ancestorTitles": ["SettingsManager"],
          "fullName": "SettingsManager sets poi_highlight to ignore by default",
          "status": "passed",
          "title": "sets poi_highlight to ignore by default",
          "duration": 0.39229999999997744,
          "failureMessages": [],
          "meta": {}
        },
        {
          "ancestorTitles": ["SettingsManager"],
          "fullName": "SettingsManager sets segments disabled by default",
          "status": "passed",
          "title": "sets segments disabled by default",
          "duration": 0.19900000000006912,
          "failureMessages": [],
          "meta": {}
        },
        {
          "ancestorTitles": ["SettingsManager"],
          "fullName": "SettingsManager sets most categories to ignore by default",
          "status": "passed",
          "title": "sets most categories to ignore by default",
          "duration": 0.22220000000015716,
          "failureMessages": [],
          "meta": {}
        },
        {
          "ancestorTitles": ["SettingsManager"],
          "fullName": "SettingsManager merges loaded settings with defaults preserving custom values",
          "status": "passed",
          "title": "merges loaded settings with defaults preserving custom values",
          "duration": 0.4007000000001426,
          "failureMessages": [],
          "meta": {}
        },
        {
          "ancestorTitles": ["SettingsManager"],
          "fullName": "SettingsManager handles empty loaded settings gracefully",
          "status": "passed",
          "title": "handles empty loaded settings gracefully",
          "duration": 0.21019999999998618,
          "failureMessages": [],
          "meta": {}
        }
      ],
      "startTime": 1764513839196,
      "endTime": 1764513839202.4006,
      "status": "passed",
      "message": "",
      "name": "C:/AM/GitHub/YouTube-AI-Navigator/tests/settings-manager.test.js"
    },
    {
      "assertionResults": [
        {
          "ancestorTitles": ["AutoSkip"],
          "fullName": "AutoSkip should skip sponsor segments when enabled",
          "status": "passed",
          "title": "should skip sponsor segments when enabled",
          "duration": 6.383299999999963,
          "failureMessages": [],
          "meta": {}
        },
        {
          "ancestorTitles": ["AutoSkip"],
          "fullName": "AutoSkip should speed up intro segments when configured",
          "status": "passed",
          "title": "should speed up intro segments when configured",
          "duration": 1.3142999999995482,
          "failureMessages": [],
          "meta": {}
        },
        {
          "ancestorTitles": ["AutoSkip"],
          "fullName": "AutoSkip should restore speed after segment",
          "status": "passed",
          "title": "should restore speed after segment",
          "duration": 0.8793000000000575,
          "failureMessages": [],
          "meta": {}
        }
      ],
      "startTime": 1764513839539,
      "endTime": 1764513839547.8794,
      "status": "passed",
      "message": "",
      "name": "C:/AM/GitHub/YouTube-AI-Navigator/tests/skipping.test.js"
    },
    {
      "assertionResults": [
        {
          "ancestorTitles": ["SponsorBlock Integration Tests", "Label Mapping"],
          "fullName": "SponsorBlock Integration Tests Label Mapping should import LM from segments.js shortcuts",
          "status": "passed",
          "title": "should import LM from segments.js shortcuts",
          "duration": 2.303599999999733,
          "failureMessages": [],
          "meta": {}
        },
        {
          "ancestorTitles": ["SponsorBlock Integration Tests", "Label Mapping"],
          "fullName": "SponsorBlock Integration Tests Label Mapping should have all 13 categories",
          "status": "passed",
          "title": "should have all 13 categories",
          "duration": 1.8910000000000764,
          "failureMessages": [],
          "meta": {}
        },
        {
          "ancestorTitles": ["SponsorBlock Integration Tests", "Label Mapping"],
          "fullName": "SponsorBlock Integration Tests Label Mapping should match SEGMENT_CATEGORIES count",
          "status": "passed",
          "title": "should match SEGMENT_CATEGORIES count",
          "duration": 0.25749999999970896,
          "failureMessages": [],
          "meta": {}
        },
        {
          "ancestorTitles": ["SponsorBlock Integration Tests", "API Fetching"],
          "fullName": "SponsorBlock Integration Tests API Fetching should fetch segments successfully",
          "status": "passed",
          "title": "should fetch segments successfully",
          "duration": 1.5023000000001048,
          "failureMessages": [],
          "meta": {}
        },
        {
          "ancestorTitles": ["SponsorBlock Integration Tests", "API Fetching"],
          "fullName": "SponsorBlock Integration Tests API Fetching should handle 404 responses",
          "status": "passed",
          "title": "should handle 404 responses",
          "duration": 1.25,
          "failureMessages": [],
          "meta": {}
        },
        {
          "ancestorTitles": ["SponsorBlock Integration Tests", "API Fetching"],
          "fullName": "SponsorBlock Integration Tests API Fetching should handle 429 rate limit",
          "status": "passed",
          "title": "should handle 429 rate limit",
          "duration": 0.3865000000000691,
          "failureMessages": [],
          "meta": {}
        },
        {
          "ancestorTitles": ["SponsorBlock Integration Tests", "API Fetching"],
          "fullName": "SponsorBlock Integration Tests API Fetching should handle network errors",
          "status": "passed",
          "title": "should handle network errors",
          "duration": 0.6723999999999251,
          "failureMessages": [],
          "meta": {}
        },
        {
          "ancestorTitles": ["SponsorBlock Integration Tests", "API Fetching"],
          "fullName": "SponsorBlock Integration Tests API Fetching should return empty array for missing videoID",
          "status": "passed",
          "title": "should return empty array for missing videoID",
          "duration": 0.25349999999980355,
          "failureMessages": [],
          "meta": {}
        },
        {
          "ancestorTitles": ["SponsorBlock Integration Tests", "Segment Mapping"],
          "fullName": "SponsorBlock Integration Tests Segment Mapping should map all 13 categories correctly",
          "status": "passed",
          "title": "should map all 13 categories correctly",
          "duration": 1.5268999999998414,
          "failureMessages": [],
          "meta": {}
        }
      ],
      "startTime": 1764513839248,
      "endTime": 1764513839258.5269,
      "status": "passed",
      "message": "",
      "name": "C:/AM/GitHub/YouTube-AI-Navigator/tests/sponsorblock-integration.test.js"
    },
    {
      "assertionResults": [
        {
          "ancestorTitles": ["Transcript Extractor (DOM Automation)"],
          "fullName": "Transcript Extractor (DOM Automation) should extract transcript and restore scroll position",
          "status": "passed",
          "title": "should extract transcript and restore scroll position",
          "duration": 8.46349999999984,
          "failureMessages": [],
          "meta": {}
        },
        {
          "ancestorTitles": ["Transcript Extractor (DOM Automation)"],
          "fullName": "Transcript Extractor (DOM Automation) should not scroll if setting is disabled",
          "status": "passed",
          "title": "should not scroll if setting is disabled",
          "duration": 2.0774999999998727,
          "failureMessages": [],
          "meta": {}
        }
      ],
      "startTime": 1764513839562,
      "endTime": 1764513839573.0774,
      "status": "passed",
      "message": "",
      "name": "C:/AM/GitHub/YouTube-AI-Navigator/tests/transcript-extractor.test.js"
    },
    {
      "assertionResults": [
        {
          "ancestorTitles": ["Video Label Component"],
          "fullName": "Video Label Component should inject sponsor label when sponsor segment exists",
          "status": "passed",
          "title": "should inject sponsor label when sponsor segment exists",
          "duration": 43.47469999999976,
          "failureMessages": [],
          "meta": {}
        },
        {
          "ancestorTitles": ["Video Label Component"],
          "fullName": "Video Label Component should inject self-promo label when selfpromo segment exists",
          "status": "passed",
          "title": "should inject self-promo label when selfpromo segment exists",
          "duration": 3.682800000000043,
          "failureMessages": [],
          "meta": {}
        },
        {
          "ancestorTitles": ["Video Label Component"],
          "fullName": "Video Label Component should prioritize sponsor over interaction",
          "status": "passed",
          "title": "should prioritize sponsor over interaction",
          "duration": 7.020299999999679,
          "failureMessages": [],
          "meta": {}
        },
        {
          "ancestorTitles": ["Video Label Component"],
          "fullName": "Video Label Component should do nothing if no relevant segments",
          "status": "passed",
          "title": "should do nothing if no relevant segments",
          "duration": 2.404700000000048,
          "failureMessages": [],
          "meta": {}
        },
        {
          "ancestorTitles": ["Video Label Component"],
          "fullName": "Video Label Component should do nothing if title element is missing",
          "status": "passed",
          "title": "should do nothing if title element is missing",
          "duration": 1.7518999999997504,
          "failureMessages": [],
          "meta": {}
        }
      ],
      "startTime": 1764513839207,
      "endTime": 1764513839264.752,
      "status": "passed",
      "message": "",
      "name": "C:/AM/GitHub/YouTube-AI-Navigator/tests/video-label.test.js"
    },
    {
      "assertionResults": [
        {
          "ancestorTitles": ["DatamuseAPI", "getRelatedWords"],
          "fullName": "DatamuseAPI getRelatedWords should return related words on success",
          "status": "passed",
          "title": "should return related words on success",
          "duration": 2.7332000000001244,
          "failureMessages": [],
          "meta": {}
        },
        {
          "ancestorTitles": ["DatamuseAPI", "getRelatedWords"],
          "fullName": "DatamuseAPI getRelatedWords should return empty array on network failure",
          "status": "passed",
          "title": "should return empty array on network failure",
          "duration": 0.7060999999998785,
          "failureMessages": [],
          "meta": {}
        },
        {
          "ancestorTitles": ["DatamuseAPI", "getRelatedWords"],
          "fullName": "DatamuseAPI getRelatedWords should return empty array when safeFetch returns null",
          "status": "passed",
          "title": "should return empty array when safeFetch returns null",
          "duration": 0.3200000000001637,
          "failureMessages": [],
          "meta": {}
        },
        {
          "ancestorTitles": ["DatamuseAPI", "getRelatedWords"],
          "fullName": "DatamuseAPI getRelatedWords should encode the word parameter",
          "status": "passed",
          "title": "should encode the word parameter",
          "duration": 0.5196000000000822,
          "failureMessages": [],
          "meta": {}
        }
      ],
      "startTime": 1764513839673,
      "endTime": 1764513839677.5195,
      "status": "passed",
      "message": "",
      "name": "C:/AM/GitHub/YouTube-AI-Navigator/tests/api/datamuse.test.js"
    },
    {
      "assertionResults": [
        {
          "ancestorTitles": ["DeArrow API", "fetchBranding"],
          "fullName": "DeArrow API fetchBranding should return processed branding data on success",
          "status": "passed",
          "title": "should return processed branding data on success",
          "duration": 5.56880000000001,
          "failureMessages": [],
          "meta": {}
        },
        {
          "ancestorTitles": ["DeArrow API", "fetchBranding"],
          "fullName": "DeArrow API fetchBranding should return null on 404",
          "status": "passed",
          "title": "should return null on 404",
          "duration": 0.8781999999998789,
          "failureMessages": [],
          "meta": {}
        },
        {
          "ancestorTitles": ["DeArrow API", "fetchBranding"],
          "fullName": "DeArrow API fetchBranding should return null on network failure",
          "status": "passed",
          "title": "should return null on network failure",
          "duration": 1.0639999999998508,
          "failureMessages": [],
          "meta": {}
        },
        {
          "ancestorTitles": ["DeArrow API", "fetchBranding"],
          "fullName": "DeArrow API fetchBranding should handle timeout",
          "status": "failed",
          "title": "should handle timeout",
          "duration": 5010.4265000000005,
          "failureMessages": [
            "Error: STACK_TRACE_ERROR\n    at task (file:///C:/AM/GitHub/YouTube-AI-Navigator/node_modules/@vitest/runner/dist/index.js:796:27)\n    at Object.<anonymous> (file:///C:/AM/GitHub/YouTube-AI-Navigator/node_modules/@vitest/runner/dist/index.js:823:16)\n    at Object.<anonymous> (file:///C:/AM/GitHub/YouTube-AI-Navigator/node_modules/@vitest/runner/dist/index.js:615:28)\n    at chain (file:///C:/AM/GitHub/YouTube-AI-Navigator/node_modules/@vitest/runner/dist/chunk-tasks.js:9:14)\n    at C:/AM/GitHub/YouTube-AI-Navigator/tests/api/dearrow.test.js:95:7\n    at file:///C:/AM/GitHub/YouTube-AI-Navigator/node_modules/@vitest/runner/dist/index.js:901:40\n    at runWithSuite (file:///C:/AM/GitHub/YouTube-AI-Navigator/node_modules/@vitest/runner/dist/index.js:1196:8)\n    at Object.collect (file:///C:/AM/GitHub/YouTube-AI-Navigator/node_modules/@vitest/runner/dist/index.js:901:10)\n    at Object.collect (file:///C:/AM/GitHub/YouTube-AI-Navigator/node_modules/@vitest/runner/dist/index.js:905:54)\n    at processTicksAndRejections (node:internal/process/task_queues:105:5)\n    at Object.collect (file:///C:/AM/GitHub/YouTube-AI-Navigator/node_modules/@vitest/runner/dist/index.js:905:46)\n    at file:///C:/AM/GitHub/YouTube-AI-Navigator/node_modules/@vitest/runner/dist/index.js:1391:26\n    at collectTests (file:///C:/AM/GitHub/YouTube-AI-Navigator/node_modules/@vitest/runner/dist/index.js:1366:3)\n    at startTests (file:///C:/AM/GitHub/YouTube-AI-Navigator/node_modules/@vitest/runner/dist/index.js:1938:17)\n    at file:///C:/AM/GitHub/YouTube-AI-Navigator/node_modules/vitest/dist/chunks/base.BEv8sRbK.js:86:26"
          ],
          "meta": {}
        },
        {
          "ancestorTitles": ["DeArrow API", "getBranding"],
          "fullName": "DeArrow API getBranding should return branding data when enabled",
          "status": "passed",
          "title": "should return branding data when enabled",
          "duration": 1.0387999999993554,
          "failureMessages": [],
          "meta": {}
        },
        {
          "ancestorTitles": ["DeArrow API", "getBranding"],
          "fullName": "DeArrow API getBranding should return null when disabled",
          "status": "passed",
          "title": "should return null when disabled",
          "duration": 0.5446000000001732,
          "failureMessages": [],
          "meta": {}
        },
        {
          "ancestorTitles": ["DeArrow API", "getBestTitle"],
          "fullName": "DeArrow API getBestTitle should return the best title",
          "status": "passed",
          "title": "should return the best title",
          "duration": 0.6444000000001324,
          "failureMessages": [],
          "meta": {}
        },
        {
          "ancestorTitles": ["DeArrow API", "getBestTitle"],
          "fullName": "DeArrow API getBestTitle should return null for empty branding",
          "status": "passed",
          "title": "should return null for empty branding",
          "duration": 0.2694999999994252,
          "failureMessages": [],
          "meta": {}
        },
        {
          "ancestorTitles": ["DeArrow API", "getBestTitle"],
          "fullName": "DeArrow API getBestTitle should return null for no titles",
          "status": "passed",
          "title": "should return null for no titles",
          "duration": 0.46339999999963766,
          "failureMessages": [],
          "meta": {}
        },
        {
          "ancestorTitles": ["DeArrow API", "getBestThumbnail"],
          "fullName": "DeArrow API getBestThumbnail should return the best thumbnail timestamp",
          "status": "passed",
          "title": "should return the best thumbnail timestamp",
          "duration": 0.5309999999999491,
          "failureMessages": [],
          "meta": {}
        },
        {
          "ancestorTitles": ["DeArrow API", "getBestThumbnail"],
          "fullName": "DeArrow API getBestThumbnail should return null for no thumbnails",
          "status": "passed",
          "title": "should return null for no thumbnails",
          "duration": 0.33179999999993015,
          "failureMessages": [],
          "meta": {}
        },
        {
          "ancestorTitles": ["DeArrow API", "getThumbnailUrl"],
          "fullName": "DeArrow API getThumbnailUrl should generate correct URL",
          "status": "passed",
          "title": "should generate correct URL",
          "duration": 0.30870000000049913,
          "failureMessages": [],
          "meta": {}
        },
        {
          "ancestorTitles": ["DeArrow API", "fetchThumbnail"],
          "fullName": "DeArrow API fetchThumbnail should return blob on success",
          "status": "passed",
          "title": "should return blob on success",
          "duration": 0.6770000000005894,
          "failureMessages": [],
          "meta": {}
        },
        {
          "ancestorTitles": ["DeArrow API", "fetchThumbnail"],
          "fullName": "DeArrow API fetchThumbnail should return null on 204",
          "status": "passed",
          "title": "should return null on 204",
          "duration": 0.5926000000008571,
          "failureMessages": [],
          "meta": {}
        },
        {
          "ancestorTitles": ["DeArrow API", "fetchThumbnail"],
          "fullName": "DeArrow API fetchThumbnail should return null on failure",
          "status": "passed",
          "title": "should return null on failure",
          "duration": 0.37480000000050495,
          "failureMessages": [],
          "meta": {}
        },
        {
          "ancestorTitles": ["DeArrow API", "getVideoMetadata"],
          "fullName": "DeArrow API getVideoMetadata should return metadata with DeArrow data",
          "status": "failed",
          "title": "should return metadata with DeArrow data",
          "duration": 1.0684999999994034,
          "failureMessages": [
            "TypeError: __vite_ssr_import_0__.vi.mocked(...).mockResolvedValue is not a function\n    at C:/AM/GitHub/YouTube-AI-Navigator/tests/api/dearrow.test.js:225:39\n    at file:///C:/AM/GitHub/YouTube-AI-Navigator/node_modules/@vitest/runner/dist/index.js:145:11\n    at file:///C:/AM/GitHub/YouTube-AI-Navigator/node_modules/@vitest/runner/dist/index.js:919:26\n    at file:///C:/AM/GitHub/YouTube-AI-Navigator/node_modules/@vitest/runner/dist/index.js:1244:20\n    at new Promise (<anonymous>)\n    at runWithTimeout (file:///C:/AM/GitHub/YouTube-AI-Navigator/node_modules/@vitest/runner/dist/index.js:1210:10)\n    at file:///C:/AM/GitHub/YouTube-AI-Navigator/node_modules/@vitest/runner/dist/index.js:1654:37\n    at Traces.$ (file:///C:/AM/GitHub/YouTube-AI-Navigator/node_modules/vitest/dist/chunks/traces.U4xDYhzZ.js:115:27)\n    at trace (file:///C:/AM/GitHub/YouTube-AI-Navigator/node_modules/vitest/dist/chunks/test.DqQZzsWf.js:234:21)\n    at runTest (file:///C:/AM/GitHub/YouTube-AI-Navigator/node_modules/@vitest/runner/dist/index.js:1654:12)"
          ],
          "meta": {}
        },
        {
          "ancestorTitles": ["DeArrow API", "getVideoMetadata"],
          "fullName": "DeArrow API getVideoMetadata should return metadata without DeArrow data",
          "status": "failed",
          "title": "should return metadata without DeArrow data",
          "duration": 0.6606000000001586,
          "failureMessages": [
            "TypeError: __vite_ssr_import_0__.vi.mocked(...).mockResolvedValue is not a function\n    at C:/AM/GitHub/YouTube-AI-Navigator/tests/api/dearrow.test.js:239:39\n    at file:///C:/AM/GitHub/YouTube-AI-Navigator/node_modules/@vitest/runner/dist/index.js:145:11\n    at file:///C:/AM/GitHub/YouTube-AI-Navigator/node_modules/@vitest/runner/dist/index.js:919:26\n    at file:///C:/AM/GitHub/YouTube-AI-Navigator/node_modules/@vitest/runner/dist/index.js:1244:20\n    at new Promise (<anonymous>)\n    at runWithTimeout (file:///C:/AM/GitHub/YouTube-AI-Navigator/node_modules/@vitest/runner/dist/index.js:1210:10)\n    at file:///C:/AM/GitHub/YouTube-AI-Navigator/node_modules/@vitest/runner/dist/index.js:1654:37\n    at Traces.$ (file:///C:/AM/GitHub/YouTube-AI-Navigator/node_modules/vitest/dist/chunks/traces.U4xDYhzZ.js:115:27)\n    at trace (file:///C:/AM/GitHub/YouTube-AI-Navigator/node_modules/vitest/dist/chunks/test.DqQZzsWf.js:234:21)\n    at runTest (file:///C:/AM/GitHub/YouTube-AI-Navigator/node_modules/@vitest/runner/dist/index.js:1654:12)"
          ],
          "meta": {}
        },
        {
          "ancestorTitles": ["DeArrow API", "deArrowAPI"],
          "fullName": "DeArrow API deArrowAPI should export all functions",
          "status": "passed",
          "title": "should export all functions",
          "duration": 0.3999999999996362,
          "failureMessages": [],
          "meta": {}
        }
      ],
      "startTime": 1764513839227,
      "endTime": 1764513844254.4,
      "status": "failed",
      "message": "",
      "name": "C:/AM/GitHub/YouTube-AI-Navigator/tests/api/dearrow.test.js"
    },
    {
      "assertionResults": [
        {
          "ancestorTitles": ["GeminiClient", "constructor"],
          "fullName": "GeminiClient constructor should initialize with default config",
          "status": "failed",
          "title": "should initialize with default config",
[...]
          "failureMessages": [],
          "meta": {}
        }
      ],
      "startTime": 1764513851456,
      "endTime": 1764513851459.3489,
      "status": "passed",
      "message": "",
      "name": "C:/AM/GitHub/YouTube-AI-Navigator/tests/options/modules/ui-appearance.test.js"
    },
    {
      "assertionResults": [
        {
          "ancestorTitles": ["UIManager"],
          "fullName": "UIManager should load section successfully",
          "status": "failed",
          "title": "should load section successfully",
          "duration": 18.022100000000137,
          "failureMessages": [
            "AssertionError: expected '<div class=\"error\">Failed to load sec…' to be '<div>content</div>' // Object.is equality\n    at C:/AM/GitHub/YouTube-AI-Navigator/tests/options/modules/ui-manager.test.js:40:20\n    at processTicksAndRejections (node:internal/process/task_queues:105:5)\n    at file:///C:/AM/GitHub/YouTube-AI-Navigator/node_modules/@vitest/runner/dist/index.js:919:20"
          ],
          "meta": {}
        },
        {
          "ancestorTitles": ["UIManager"],
          "fullName": "UIManager should handle load error",
          "status": "failed",
          "title": "should handle load error",
          "duration": 1.965099999999893,
          "failureMessages": [
            "TypeError: undefined is not a spy or a call to a spy!\n    at assertIsMock (file:///C:/AM/GitHub/YouTube-AI-Navigator/node_modules/@vitest/expect/dist/index.js:1364:10)\n    at getSpy (file:///C:/AM/GitHub/YouTube-AI-Navigator/node_modules/@vitest/expect/dist/index.js:1368:3)\n    at Proxy.<anonymous> (file:///C:/AM/GitHub/YouTube-AI-Navigator/node_modules/@vitest/expect/dist/index.js:1409:15)\n    at Proxy.<anonymous> (file:///C:/AM/GitHub/YouTube-AI-Navigator/node_modules/@vitest/expect/dist/index.js:1090:14)\n    at Proxy.methodWrapper (file:///C:/AM/GitHub/YouTube-AI-Navigator/node_modules/chai/index.js:1700:25)\n    at C:/AM/GitHub/YouTube-AI-Navigator/tests/options/modules/ui-manager.test.js:49:20\n    at processTicksAndRejections (node:internal/process/task_queues:105:5)\n    at file:///C:/AM/GitHub/YouTube-AI-Navigator/node_modules/@vitest/runner/dist/index.js:919:20"
          ],
          "meta": {}
        },
        {
          "ancestorTitles": ["UIManager"],
          "fullName": "UIManager should show toast",
          "status": "failed",
          "title": "should show toast",
          "duration": 1.1248000000000502,
          "failureMessages": [
            "TypeError: mockId.mockReturnValue is not a function\n    at C:/AM/GitHub/YouTube-AI-Navigator/tests/options/modules/ui-manager.test.js:54:12\n    at file:///C:/AM/GitHub/YouTube-AI-Navigator/node_modules/@vitest/runner/dist/index.js:145:11\n    at file:///C:/AM/GitHub/YouTube-AI-Navigator/node_modules/@vitest/runner/dist/index.js:919:26\n    at file:///C:/AM/GitHub/YouTube-AI-Navigator/node_modules/@vitest/runner/dist/index.js:1244:20\n    at new Promise (<anonymous>)\n    at runWithTimeout (file:///C:/AM/GitHub/YouTube-AI-Navigator/node_modules/@vitest/runner/dist/index.js:1210:10)\n    at file:///C:/AM/GitHub/YouTube-AI-Navigator/node_modules/@vitest/runner/dist/index.js:1654:37\n    at Traces.$ (file:///C:/AM/GitHub/YouTube-AI-Navigator/node_modules/vitest/dist/chunks/traces.U4xDYhzZ.js:115:27)\n    at trace (file:///C:/AM/GitHub/YouTube-AI-Navigator/node_modules/vitest/dist/chunks/test.DqQZzsWf.js:234:21)\n    at runTest (file:///C:/AM/GitHub/YouTube-AI-Navigator/node_modules/@vitest/runner/dist/index.js:1654:12)"
          ],
          "meta": {}
        },
        {
          "ancestorTitles": ["UIManager"],
          "fullName": "UIManager should setup sections",
          "status": "failed",
          "title": "should setup sections",
          "duration": 1.0445999999999458,
          "failureMessages": [
            "TypeError: mock$$.mockReturnValueOnce is not a function\n    at C:/AM/GitHub/YouTube-AI-Navigator/tests/options/modules/ui-manager.test.js:69:12\n    at file:///C:/AM/GitHub/YouTube-AI-Navigator/node_modules/@vitest/runner/dist/index.js:145:11\n    at file:///C:/AM/GitHub/YouTube-AI-Navigator/node_modules/@vitest/runner/dist/index.js:919:26\n    at file:///C:/AM/GitHub/YouTube-AI-Navigator/node_modules/@vitest/runner/dist/index.js:1244:20\n    at new Promise (<anonymous>)\n    at runWithTimeout (file:///C:/AM/GitHub/YouTube-AI-Navigator/node_modules/@vitest/runner/dist/index.js:1210:10)\n    at file:///C:/AM/GitHub/YouTube-AI-Navigator/node_modules/@vitest/runner/dist/index.js:1654:37\n    at Traces.$ (file:///C:/AM/GitHub/YouTube-AI-Navigator/node_modules/vitest/dist/chunks/traces.U4xDYhzZ.js:115:27)\n    at trace (file:///C:/AM/GitHub/YouTube-AI-Navigator/node_modules/vitest/dist/chunks/test.DqQZzsWf.js:234:21)\n    at runTest (file:///C:/AM/GitHub/YouTube-AI-Navigator/node_modules/@vitest/runner/dist/index.js:1654:12)"
          ],
          "meta": {}
        }
      ],
      "startTime": 1764513851387,
      "endTime": 1764513851409.0447,
      "status": "failed",
      "message": "",
      "name": "C:/AM/GitHub/YouTube-AI-Navigator/tests/options/modules/ui-manager.test.js"
    },
    {
      "assertionResults": [
        {
          "ancestorTitles": ["WidgetSettings"],
          "fullName": "WidgetSettings should load settings correctly",
          "status": "passed",
          "title": "should load settings correctly",
          "duration": 4.632900000000063,
          "failureMessages": [],
          "meta": {}
        },
        {
          "ancestorTitles": ["WidgetSettings"],
          "fullName": "WidgetSettings should save settings on change",
          "status": "passed",
          "title": "should save settings on change",
          "duration": 4.3081999999999425,
          "failureMessages": [],
          "meta": {}
        }
      ],
      "startTime": 1764513852275,
      "endTime": 1764513852284.308,
      "status": "passed",
      "message": "",
      "name": "C:/AM/GitHub/YouTube-AI-Navigator/tests/options/modules/widget-settings.test.js"
    },
    {
      "assertionResults": [
        {
          "ancestorTitles": ["Comments Patterns", "analyzeSentiment"],
          "fullName": "Comments Patterns analyzeSentiment should detect positive sentiment",
          "status": "passed",
          "title": "should detect positive sentiment",
          "duration": 2.988299999999981,
          "failureMessages": [],
          "meta": {}
        },
        {
          "ancestorTitles": ["Comments Patterns", "analyzeSentiment"],
          "fullName": "Comments Patterns analyzeSentiment should detect negative sentiment",
          "status": "passed",
          "title": "should detect negative sentiment",
          "duration": 0.31549999999992906,
          "failureMessages": [],
          "meta": {}
        },
        {
          "ancestorTitles": ["Comments Patterns", "analyzeSentiment"],
          "fullName": "Comments Patterns analyzeSentiment should detect neutral sentiment",
          "status": "passed",
          "title": "should detect neutral sentiment",
          "duration": 0.19230000000015934,
          "failureMessages": [],
          "meta": {}
        },
        {
          "ancestorTitles": ["Comments Patterns", "detectSpam"],
          "fullName": "Comments Patterns detectSpam should detect spam",
          "status": "passed",
          "title": "should detect spam",
          "duration": 0.8278000000000247,
          "failureMessages": [],
          "meta": {}
        },
        {
          "ancestorTitles": ["Comments Patterns", "detectSpam"],
          "fullName": "Comments Patterns detectSpam should not detect non-spam",
          "status": "passed",
          "title": "should not detect non-spam",
          "duration": 0.33159999999998035,
          "failureMessages": [],
          "meta": {}
        },
        {
          "ancestorTitles": ["Comments Patterns", "isQuestion"],
          "fullName": "Comments Patterns isQuestion should detect questions",
          "status": "passed",
          "title": "should detect questions",
          "duration": 0.5928999999998723,
          "failureMessages": [],
          "meta": {}
        },
        {
          "ancestorTitles": ["Comments Patterns", "isQuestion"],
          "fullName": "Comments Patterns isQuestion should not detect non-questions",
          "status": "passed",
          "title": "should not detect non-questions",
          "duration": 0.3222000000000662,
          "failureMessages": [],
          "meta": {}
        }
      ],
      "startTime": 1764513851729,
      "endTime": 1764513851735.593,
      "status": "passed",
      "message": "",
      "name": "C:/AM/GitHub/YouTube-AI-Navigator/tests/utils/patterns/comments.test.js"
    },
    {
      "assertionResults": [],
      "startTime": 1764513837015,
      "endTime": 1764513837015,
      "status": "failed",
      "message": "Failed to resolve import \"../../../extension/content/features/analysis/flow.js\" from \"tests/content/features/analysis/flow.test.js\". Does the file exist?",
      "name": "C:/AM/GitHub/YouTube-AI-Navigator/tests/content/features/analysis/flow.test.js"
    },
    {
      "assertionResults": [],
      "startTime": 1764513837015,
      "endTime": 1764513837015,
      "status": "failed",
      "message": "Failed to resolve import \"../../../extension/content/features/analysis/index.js\" from \"tests/content/features/analysis/index.test.js\". Does the file exist?",
      "name": "C:/AM/GitHub/YouTube-AI-Navigator/tests/content/features/analysis/index.test.js"
    },
    {
      "assertionResults": [],
      "startTime": 1764513837015,
      "endTime": 1764513837015,
      "status": "failed",
      "message": "Failed to resolve import \"../../../extension/content/features/analysis/service.js\" from \"tests/content/features/analysis/service.test.js\". Does the file exist?",
      "name": "C:/AM/GitHub/YouTube-AI-Navigator/tests/content/features/analysis/service.test.js"
    },
    {
      "assertionResults": [
        {
          "ancestorTitles": ["Chat Renderer"],
          "fullName": "Chat Renderer should render chat container if not present",
          "status": "passed",
          "title": "should render chat container if not present",
          "duration": 34.121999999999844,
          "failureMessages": [],
          "meta": {}
        },
        {
          "ancestorTitles": ["Chat Renderer"],
          "fullName": "Chat Renderer should not re-render if already present",
          "status": "passed",
          "title": "should not re-render if already present",
          "duration": 2.0348999999998796,
          "failureMessages": [],
          "meta": {}
        },
        {
          "ancestorTitles": ["Chat Renderer"],
          "fullName": "Chat Renderer should add user message correctly",
          "status": "passed",
          "title": "should add user message correctly",
          "duration": 6.965599999999995,
          "failureMessages": [],
          "meta": {}
        },
        {
          "ancestorTitles": ["Chat Renderer"],
          "fullName": "Chat Renderer should add AI message correctly with markdown",
          "status": "passed",
          "title": "should add AI message correctly with markdown",
          "duration": 5.343699999999899,
          "failureMessages": [],
          "meta": {}
        },
        {
          "ancestorTitles": ["Chat Renderer"],
          "fullName": "Chat Renderer should handle timestamp clicks",
          "status": "passed",
          "title": "should handle timestamp clicks",
          "duration": 8.422199999999975,
          "failureMessages": [],
          "meta": {}
        }
      ],
      "startTime": 1764513852434,
      "endTime": 1764513852491.422,
      "status": "passed",
      "message": "",
      "name": "C:/AM/GitHub/YouTube-AI-Navigator/tests/content/ui/renderers/chat.test.js"
    },
    {
      "assertionResults": [
        {
          "ancestorTitles": ["Comments Renderer"],
          "fullName": "Comments Renderer should render existing analysis if present",
          "status": "passed",
          "title": "should render existing analysis if present",
          "duration": 12.647300000000087,
          "failureMessages": [],
          "meta": {}
        },
        {
          "ancestorTitles": ["Comments Renderer"],
          "fullName": "Comments Renderer should fetch and analyze comments if no existing analysis",
          "status": "passed",
          "title": "should fetch and analyze comments if no existing analysis",
          "duration": 68.53369999999995,
          "failureMessages": [],
          "meta": {}
        },
        {
          "ancestorTitles": ["Comments Renderer"],
          "fullName": "Comments Renderer should show placeholder if no comments found",
          "status": "passed",
          "title": "should show placeholder if no comments found",
          "duration": 14.222700000000032,
          "failureMessages": [],
          "meta": {}
        },
        {
          "ancestorTitles": ["Comments Renderer"],
          "fullName": "Comments Renderer should handle errors gracefully",
          "status": "passed",
          "title": "should handle errors gracefully",
          "duration": 1.6644000000001142,
          "failureMessages": [],
          "meta": {}
        }
      ],
      "startTime": 1764513852675,
      "endTime": 1764513852772.6643,
      "status": "passed",
      "message": "",
      "name": "C:/AM/GitHub/YouTube-AI-Navigator/tests/content/ui/renderers/comments.test.js"
    },
    {
      "assertionResults": [
        {
          "ancestorTitles": ["Segments Renderer"],
          "fullName": "Segments Renderer should render segments correctly",
          "status": "passed",
          "title": "should render segments correctly",
          "duration": 110.03420000000006,
          "failureMessages": [],
          "meta": {}
        },
        {
          "ancestorTitles": ["Segments Renderer"],
          "fullName": "Segments Renderer should filter out disabled segments",
          "status": "passed",
          "title": "should filter out disabled segments",
          "duration": 25.398300000000063,
          "failureMessages": [],
          "meta": {}
        },
        {
          "ancestorTitles": ["Segments Renderer"],
          "fullName": "Segments Renderer should show placeholder if no segments match filter",
          "status": "passed",
          "title": "should show placeholder if no segments match filter",
          "duration": 2.251800000000003,
          "failureMessages": [],
          "meta": {}
        },
        {
          "ancestorTitles": ["Segments Renderer"],
          "fullName": "Segments Renderer should handle click on timestamp",
          "status": "passed",
          "title": "should handle click on timestamp",
          "duration": 34.58550000000014,
          "failureMessages": [],
          "meta": {}
        },
        {
          "ancestorTitles": ["Segments Renderer"],
          "fullName": "Segments Renderer should update full video label if present",
          "status": "passed",
          "title": "should update full video label if present",
          "duration": 3.7083999999999833,
          "failureMessages": [],
          "meta": {}
        }
      ],
      "startTime": 1764513852459,
      "endTime": 1764513852635.7085,
      "status": "passed",
      "message": "",
      "name": "C:/AM/GitHub/YouTube-AI-Navigator/tests/content/ui/renderers/segments.test.js"
    },
    {
      "assertionResults": [
        {
          "ancestorTitles": ["Summary Renderer"],
          "fullName": "Summary Renderer should render summary, insights, and faq",
          "status": "passed",
          "title": "should render summary, insights, and faq",
          "duration": 28.47980000000007,
          "failureMessages": [],
          "meta": {}
        },
        {
          "ancestorTitles": ["Summary Renderer"],
          "fullName": "Summary Renderer should show placeholder if no data",
          "status": "passed",
          "title": "should show placeholder if no data",
          "duration": 1.4365999999999985,
          "failureMessages": [],
          "meta": {}
        },
        {
          "ancestorTitles": ["Summary Renderer"],
          "fullName": "Summary Renderer should handle missing sections",
          "status": "passed",
          "title": "should handle missing sections",
          "duration": 5.336099999999988,
          "failureMessages": [],
          "meta": {}
        }
      ],
      "startTime": 1764513852782,
      "endTime": 1764513852817.3362,
      "status": "passed",
      "message": "",
      "name": "C:/AM/GitHub/YouTube-AI-Navigator/tests/content/ui/renderers/summary.test.js"
    },
    {
      "assertionResults": [
        {
          "ancestorTitles": ["Transcript Renderer"],
          "fullName": "Transcript Renderer should render transcript lines",
          "status": "passed",
          "title": "should render transcript lines",
          "duration": 38.07379999999989,
          "failureMessages": [],
          "meta": {}
        },
        {
          "ancestorTitles": ["Transcript Renderer"],
          "fullName": "Transcript Renderer should show placeholder if no transcript",
          "status": "passed",
          "title": "should show placeholder if no transcript",
          "duration": 1.8620999999998276,
          "failureMessages": [],
          "meta": {}
        },
        {
          "ancestorTitles": ["Transcript Renderer"],
          "fullName": "Transcript Renderer should handle seek on click",
          "status": "passed",
          "title": "should handle seek on click",
          "duration": 6.652400000000171,
          "failureMessages": [],
          "meta": {}
        },
        {
          "ancestorTitles": ["Transcript Renderer"],
          "fullName": "Transcript Renderer should toggle auto-close",
          "status": "passed",
          "title": "should toggle auto-close",
          "duration": 19.77040000000011,
          "failureMessages": [],
          "meta": {}
        }
      ],
      "startTime": 1764513852739,
      "endTime": 1764513852805.7705,
      "status": "passed",
      "message": "",
      "name": "C:/AM/GitHub/YouTube-AI-Navigator/tests/content/ui/renderers/transcript.test.js"
    },
    {
      "assertionResults": [
        {
          "ancestorTitles": ["Widget Structure"],
          "fullName": "Widget Structure should generate default tabs",
          "status": "passed",
          "title": "should generate default tabs",
          "duration": 1.751700000000028,
          "failureMessages": [],
          "meta": {}
        },
        {
          "ancestorTitles": ["Widget Structure"],
          "fullName": "Widget Structure should respect config to hide tabs",
          "status": "passed",
          "title": "should respect config to hide tabs",
          "duration": 0.44600000000014006,
          "failureMessages": [],
          "meta": {}
        },
        {
          "ancestorTitles": ["Widget Structure"],
          "fullName": "Widget Structure should include header elements",
          "status": "passed",
          "title": "should include header elements",
          "duration": 0.20319999999992433,
          "failureMessages": [],
          "meta": {}
        },
        {
          "ancestorTitles": ["Widget Structure"],
          "fullName": "Widget Structure should include resize handles",
          "status": "passed",
          "title": "should include resize handles",
          "duration": 0.24849999999992178,
          "failureMessages": [],
          "meta": {}
        }
      ],
      "startTime": 1764513852822,
      "endTime": 1764513852825.2485,
      "status": "passed",
      "message": "",
      "name": "C:/AM/GitHub/YouTube-AI-Navigator/tests/content/ui/components/widget/structure.test.js"
    }
  ]
}
